<?xml version="1.0" encoding="UTF-8"?>
<!-- Generated by org.testng.reporters.JUnitReportReporter -->
<testsuite hostname="DESKTOP-OTEDSO8" failures="0" tests="3" name="AutomationseleniumFrameworkDesign.tests.StandardAloneTest" time="34.843" errors="0" timestamp="2025-01-03T18:58:47 IST" skipped="0">
  <testcase classname="AutomationseleniumFrameworkDesign.tests.StandardAloneTest" name="submitOrderTest" time="15.094"/>
  <system-out/>
  <testcase classname="AutomationseleniumFrameworkDesign.tests.StandardAloneTest" name="orderPageTest" time="6.082"/>
  <system-out/>
  <testcase classname="AutomationseleniumFrameworkDesign.tests.StandardAloneTest" name="submitOrderTest" time="13.667"/>
  <system-out/>
</testsuite> <!-- AutomationseleniumFrameworkDesign.tests.StandardAloneTest -->
