<?xml version="1.0" encoding="UTF-8"?>
<!-- Generated by org.testng.reporters.JUnitReportReporter -->
<testsuite hostname="DESKTOP-OTEDSO8" failures="0" tests="1" name="cucumber.TestNGRunner" time="16.752" errors="0" timestamp="2025-01-07T15:46:27 IST" skipped="0">
  <testcase classname="cucumber.TestNGRunner" name="runScenario" time="16.752"/>
  <system-out/>
</testsuite> <!-- cucumber.TestNGRunner -->
