<?xml version="1.0" encoding="UTF-8"?>
<!-- Generated by org.testng.reporters.JUnitReportReporter -->
<testsuite hostname="DESKTOP-OTEDSO8" failures="0" tests="2" name="AutomationseleniumFrameworkDesign.tests.errorvalidationtest" time="28.047" errors="0" timestamp="2025-01-04T23:24:46 IST" skipped="0">
  <testcase classname="AutomationseleniumFrameworkDesign.tests.errorvalidationtest" name="loginTest" time="6.233"/>
  <testcase classname="AutomationseleniumFrameworkDesign.tests.errorvalidationtest" name="cartItemCheck" time="21.814"/>
</testsuite> <!-- AutomationseleniumFrameworkDesign.tests.errorvalidationtest -->
