<?xml version="1.0" encoding="UTF-8"?>
<!-- Generated by org.testng.reporters.JUnitReportReporter -->
<testsuite hostname="DESKTOP-OTEDSO8" failures="0" tests="3" name="AutomationseleniumFrameworkDesign.tests.StandardAloneTest" time="35.056" errors="0" timestamp="2025-01-04T23:24:46 IST" skipped="0">
  <testcase classname="AutomationseleniumFrameworkDesign.tests.StandardAloneTest" name="submitOrderTest" time="11.764"/>
  <testcase classname="AutomationseleniumFrameworkDesign.tests.StandardAloneTest" name="submitOrderTest" time="16.769"/>
  <testcase classname="AutomationseleniumFrameworkDesign.tests.StandardAloneTest" name="orderPageTest" time="6.523"/>
</testsuite> <!-- AutomationseleniumFrameworkDesign.tests.StandardAloneTest -->
